<?xml version="1.0" encoding="UTF-8"?>
<!-- Generated by org.testng.reporters.JUnitReportReporter -->
<testsuite hostname="DELL" name="com.Admin.QA.test.UsersPageTest" tests="1" failures="0" timestamp="28 Oct 2018 13:23:36 GMT" time="15.811" errors="0">
  <testcase name="ValidateUsersTable" time="15.811" classname="com.Admin.QA.test.UsersPageTest"/>
</testsuite> <!-- com.Admin.QA.test.UsersPageTest -->
