<?xml version="1.0" encoding="UTF-8"?>
<!-- Generated by org.testng.reporters.JUnitReportReporter -->
<testsuite hostname="DELL" name="com.Admin.QA.test.DashboardPageTest" tests="6" failures="0" timestamp="30 Oct 2018 11:57:46 GMT" time="110.568" errors="0">
  <testcase name="validateCopyright" time="17.516" classname="com.Admin.QA.test.DashboardPageTest"/>
  <testcase name="validateVersion" time="20.683" classname="com.Admin.QA.test.DashboardPageTest"/>
  <testcase name="verifyDashboardTitle" time="20.459" classname="com.Admin.QA.test.DashboardPageTest"/>
  <testcase name="validateOperatorLink" time="16.786" classname="com.Admin.QA.test.DashboardPageTest"/>
  <testcase name="validateMenu" time="17.443" classname="com.Admin.QA.test.DashboardPageTest"/>
  <testcase name="validateUsersLink" time="17.681" classname="com.Admin.QA.test.DashboardPageTest"/>
</testsuite> <!-- com.Admin.QA.test.DashboardPageTest -->
