<?xml version="1.0" encoding="UTF-8"?>
<!-- Generated by org.testng.reporters.JUnitReportReporter -->
<testsuite hostname="DELL" name="com.Admin.QA.test.UsersPageTest" tests="1" failures="0" timestamp="30 Oct 2018 11:57:45 GMT" time="17.521" errors="0">
  <testcase name="ValidateUsersTable" time="17.521" classname="com.Admin.QA.test.UsersPageTest"/>
</testsuite> <!-- com.Admin.QA.test.UsersPageTest -->
